<?xml version="1.0" encoding="UTF-8"?>
<!-- Generated by org.testng.reporters.JUnitReportReporter -->
<testsuite hostname="DESKTOP-QHTE072" failures="0" tests="1" name="Contata1.listPgaeTests" time="28.947" errors="0" timestamp="2023-04-11T23:20:04 IST" skipped="0">
  <testcase classname="Contata1.listPgaeTests" name="TC_05_VerifyContactCount" time="28.947"/>
  <system-out/>
</testsuite> <!-- Contata1.listPgaeTests -->
