<?xml version="1.0" encoding="UTF-8"?>
<!-- Generated by org.testng.reporters.JUnitReportReporter -->
<testsuite hostname="sonu" failures="0" tests="3" name="Contata1.listPgaeTests" time="84.643" errors="0" timestamp="2023-04-12T13:16:33 IST" skipped="0">
  <testcase classname="Contata1.listPgaeTests" name="TC_04_VerifyCreateStaticListName" time="23.165"/>
  <system-out/>
  <testcase classname="Contata1.listPgaeTests" name="TC_05_VerifyAddConatctToStaticList" time="21.601"/>
  <system-out/>
  <testcase classname="Contata1.listPgaeTests" name="TC_05_VerifyContactCount" time="39.877"/>
  <system-out/>
</testsuite> <!-- Contata1.listPgaeTests -->
