<?xml version="1.0" encoding="UTF-8"?>
<!-- Generated by org.testng.reporters.JUnitReportReporter -->
<testsuite hostname="DESKTOP-QHTE072" failures="0" tests="1" name="Contata1.LoginPageTest" time="25.281" errors="0" timestamp="2023-03-10T00:03:30 IST" skipped="0">
  <testcase classname="Contata1.LoginPageTest" name="loginTest" time="25.281"/>
  <system-out/>
</testsuite> <!-- Contata1.LoginPageTest -->
