<?xml version="1.0" encoding="UTF-8"?>
<!-- Generated by org.testng.reporters.JUnitReportReporter -->
<testsuite hostname="DESKTOP-QHTE072" failures="0" tests="1" name="Contata1.listPgaeTests" time="28.942" errors="0" timestamp="2023-03-31T00:31:28 IST" skipped="0">
  <testcase classname="Contata1.listPgaeTests" name="TC_03_CreateStaticList" time="28.942"/>
  <system-out/>
</testsuite> <!-- Contata1.listPgaeTests -->
