<?xml version="1.0" encoding="UTF-8"?>
<!-- Generated by org.testng.reporters.JUnitReportReporter -->
<testsuite hostname="DESKTOP-QHTE072" failures="0" tests="1" name="Contata1.PeopleTest" time="32.222" errors="0" timestamp="2023-03-13T12:42:39 IST" skipped="0">
  <testcase classname="Contata1.PeopleTest" name="TC_01_createContactTest" time="32.222"/>
  <system-out/>
</testsuite> <!-- Contata1.PeopleTest -->
