<?xml version="1.0" encoding="UTF-8"?>
<!-- Generated by org.testng.reporters.JUnitReportReporter -->
<testsuite hostname="LAPTOP-PH9CQ4AF" failures="0" tests="1" name="Contata1.listPgaeTests" time="22.073" errors="0" timestamp="2023-05-16T18:29:53 IST" skipped="0">
  <testcase classname="Contata1.listPgaeTests" name="TC_04_VerifyCreateStaticListName" time="22.073"/>
  <system-out/>
</testsuite> <!-- Contata1.listPgaeTests -->
