<?xml version="1.0" encoding="UTF-8"?>
<!-- Generated by org.testng.reporters.JUnitReportReporter -->
<testsuite hostname="DESKTOP-QHTE072" failures="0" tests="1" name="Contata1.PeopleTest" time="59.914" errors="0" timestamp="2023-03-30T23:01:09 IST" skipped="0">
  <testcase classname="Contata1.PeopleTest" name="TC_01_CreateContactTest" time="59.914"/>
  <system-out/>
</testsuite> <!-- Contata1.PeopleTest -->
